Build started 07.12.2013 3:50:17.
     1>Project "C:\Users\Patricia\VisualStudioProjects\ProjectTest\build\WindowsApp.vcxproj" on node 2 (build target(s)).
     1>InitializeBuildStatus:
         Creating "obj\Debug\WindowsApp.unsuccessfulbuild" because "AlwaysCreate" was specified.
       ClCompile:
         C:\Program Files (x86)\Microsoft Visual Studio 10.0\VC\bin\CL.exe /c /I..\include /ZI /nologo /W3 /WX- /Od /Oy- /D _DEBUG /D _MBCS /Gm /EHsc /RTC1 /MDd /GS /Gy /fp:precise /Zc:wchar_t /Zc:forScope /Fo"obj\Debug\\" /Fd"obj\Debug\vc100.pdb" /Gd /TP /analyze- /errorReport:prompt ..\src\Main.cpp
         Main.cpp
       ManifestResourceCompile:
         C:\Program Files (x86)\Microsoft SDKs\Windows\v7.0A\bin\rc.exe /nologo /fo"obj\Debug\WindowsApp.exe.embed.manifest.res" obj\Debug\WindowsApp_manifest.rc 
       Link:
         C:\Program Files (x86)\Microsoft Visual Studio 10.0\VC\bin\link.exe /ERRORREPORT:PROMPT /OUT:"..\WindowsApp.exe" /INCREMENTAL /NOLOGO kernel32.lib user32.lib gdi32.lib winspool.lib comdlg32.lib advapi32.lib shell32.lib ole32.lib oleaut32.lib uuid.lib odbc32.lib odbccp32.lib /MANIFEST /ManifestFile:"obj\Debug\WindowsApp.exe.intermediate.manifest" /MANIFESTUAC:"level='asInvoker' uiAccess='false'" /DEBUG /PDB:"C:\Users\Patricia\VisualStudioProjects\ProjectTest\WindowsApp.pdb" /SUBSYSTEM:WINDOWS /TLBID:1 /DYNAMICBASE /NXCOMPAT /IMPLIB:"..\WindowsApp.lib" /MACHINE:X86 obj\Debug\WindowsApp.exe.embed.manifest.res
         obj\Debug\Main.obj
       Manifest:
         C:\Program Files (x86)\Microsoft SDKs\Windows\v7.0A\bin\mt.exe /nologo /verbose /out:"obj\Debug\WindowsApp.exe.embed.manifest" /manifest obj\Debug\WindowsApp.exe.intermediate.manifest
         C:\Program Files (x86)\Microsoft SDKs\Windows\v7.0A\bin\rc.exe /nologo /fo"obj\Debug\WindowsApp.exe.embed.manifest.res" obj\Debug\WindowsApp_manifest.rc 
       LinkEmbedManifest:
         C:\Program Files (x86)\Microsoft Visual Studio 10.0\VC\bin\link.exe /ERRORREPORT:PROMPT /OUT:"..\WindowsApp.exe" /INCREMENTAL /NOLOGO kernel32.lib user32.lib gdi32.lib winspool.lib comdlg32.lib advapi32.lib shell32.lib ole32.lib oleaut32.lib uuid.lib odbc32.lib odbccp32.lib /MANIFEST /ManifestFile:"obj\Debug\WindowsApp.exe.intermediate.manifest" /MANIFESTUAC:"level='asInvoker' uiAccess='false'" /DEBUG /PDB:"C:\Users\Patricia\VisualStudioProjects\ProjectTest\WindowsApp.pdb" /SUBSYSTEM:WINDOWS /TLBID:1 /DYNAMICBASE /NXCOMPAT /IMPLIB:"..\WindowsApp.lib" /MACHINE:X86 obj\Debug\WindowsApp.exe.embed.manifest.res
         obj\Debug\Main.obj
         WindowsApp.vcxproj -> C:\Users\Patricia\VisualStudioProjects\ProjectTest\build\..\WindowsApp.exe
       FinalizeBuildStatus:
         Deleting file "obj\Debug\WindowsApp.unsuccessfulbuild".
         Touching "obj\Debug\WindowsApp.lastbuildstate".
     1>Done Building Project "C:\Users\Patricia\VisualStudioProjects\ProjectTest\build\WindowsApp.vcxproj" (build target(s)).

Build succeeded.

Time Elapsed 00:00:01.23
